<?xml version="1.0" encoding="UTF-8"?>
<!-- Generated by org.testng.reporters.JUnitReportReporter -->
<testsuite hostname="CRKRL-MUHAMSHA2" failures="0" tests="2" name="LoginTest" time="0.124" errors="0" timestamp="2023-11-21T17:19:47 PKT" skipped="0">
  <testcase classname="LoginTest" name="appLoginTest" time="0.120"/>
  <testcase classname="LoginTest" name="loginPageTitleTest" time="0.004"/>
</testsuite> <!-- LoginTest -->
