<?xml version="1.0" encoding="UTF-8"?>
<!-- Generated by org.testng.reporters.JUnitReportReporter -->
<testsuite hostname="CRKRL-MUHAMSHA2" failures="0" tests="1" name="LoginTest" time="0.072" errors="0" timestamp="2023-11-26T16:16:14 PKT" skipped="0">
  <testcase classname="LoginTest" name="loginPageTitleTest" time="0.072"/>
</testsuite> <!-- LoginTest -->
